[debug] [2022-09-09T14:07:38.321Z] ----------------------------------------------------------------------
[debug] [2022-09-09T14:07:38.323Z] Command:       C:\Program Files\nodejs\node.exe C:\Users\Lenovo\AppData\Roaming\npm\node_modules\firebase-tools\lib\bin\firebase.js init
[debug] [2022-09-09T14:07:38.324Z] CLI Version:   11.8.1
[debug] [2022-09-09T14:07:38.324Z] Platform:      win32
[debug] [2022-09-09T14:07:38.324Z] Node Version:  v17.4.0
[debug] [2022-09-09T14:07:38.325Z] Time:          Fri Sep 09 2022 15:07:38 GMT+0100 (West Africa Standard Time)
[debug] [2022-09-09T14:07:38.325Z] ----------------------------------------------------------------------
[debug] 
[debug] [2022-09-09T14:07:38.410Z] > command requires scopes: ["email","openid","https://www.googleapis.com/auth/cloudplatformprojects.readonly","https://www.googleapis.com/auth/firebase","https://www.googleapis.com/auth/cloud-platform"]
[debug] [2022-09-09T14:07:38.410Z] > authorizing via signed-in user (akinwumisehinde@gmail.com)
[info] 
     ######## #### ########  ######## ########     ###     ######  ########
     ##        ##  ##     ## ##       ##     ##  ##   ##  ##       ##
     ######    ##  ########  ######   ########  #########  ######  ######
     ##        ##  ##    ##  ##       ##     ## ##     ##       ## ##
     ##       #### ##     ## ######## ########  ##     ##  ######  ########

You're about to initialize a Firebase project in this directory:

  C:\Users\Lenovo\Desktop\myapp

Before we get started, keep in mind:

  * You are initializing within an existing Firebase project directory

[info] 
=== Project Setup
[info] 
[info] First, let's associate this project directory with a Firebase project.
[info] You can create multiple project aliases by running firebase use --add, 
[info] but for now we'll just set up a default project.
[info] 
[debug] [2022-09-09T14:07:48.510Z] Using project from CLI flag: akinwumisehinde69
[debug] [2022-09-09T14:07:48.516Z] >>> [apiv2][query] GET https://firebase.googleapis.com/v1beta1/projects/akinwumisehinde69 [none]
[debug] [2022-09-09T14:07:49.309Z] <<< [apiv2][status] GET https://firebase.googleapis.com/v1beta1/projects/akinwumisehinde69 200
[debug] [2022-09-09T14:07:49.309Z] <<< [apiv2][body] GET https://firebase.googleapis.com/v1beta1/projects/akinwumisehinde69 {"projectId":"akinwumisehinde69","projectNumber":"61686498137","displayName":"Akinwumisehinde69","name":"projects/akinwumisehinde69","resources":{"hostingSite":"akinwumisehinde69"},"state":"ACTIVE","etag":"1_3ec29c27-6802-473b-a0e6-e262fd0a6171"}
[info] i  Using project akinwumisehinde69 (Akinwumisehinde69) 
[info] 
=== Hosting Setup
[info] 
[info] Your public directory is the folder (relative to your project directory) that
[info] will contain Hosting assets to be uploaded with firebase deploy. If you
[info] have a build process for your assets, use your build's output directory.
[info] 
[info] i  Skipping write of build/404.html 
[debug] [2022-09-09T14:08:08.213Z] >>> [apiv2][query] GET https://www.gstatic.com/firebasejs/releases.json [none]
[debug] [2022-09-09T14:08:08.534Z] <<< [apiv2][status] GET https://www.gstatic.com/firebasejs/releases.json 200
[debug] [2022-09-09T14:08:08.534Z] <<< [apiv2][body] GET https://www.gstatic.com/firebasejs/releases.json {"current":{"version":"9.9.4","browserURL":"https://www.gstatic.com/firebasejs/9.9.4/firebase.js","packageURL":"https://www.gstatic.com/firebasejs/9.9.4/firebase.tgz"},"live":{"version":"9.9","browserURL":"https://www.gstatic.com/firebasejs/live/9.9/firebase.js","packageURL":"https://www.gstatic.com/firebasejs/live/9.9/firebase.tgz"},"components":{"analytics":"https://www.gstatic.com/firebasejs/9.9.4/firebase-analytics.js","app":"https://www.gstatic.com/firebasejs/9.9.4/firebase-app.js","app-check":"https://www.gstatic.com/firebasejs/9.9.4/firebase-app-check.js","auth":"https://www.gstatic.com/firebasejs/9.9.4/firebase-auth.js","auth/cordova":"https://www.gstatic.com/firebasejs/9.9.4/firebase-auth/cordova.js","auth/react-native":"https://www.gstatic.com/firebasejs/9.9.4/firebase-auth/react-native.js","functions":"https://www.gstatic.com/firebasejs/9.9.4/firebase-functions.js","firestore":"https://www.gstatic.com/firebasejs/9.9.4/firebase-firestore.js","firestore/lite":"https://www.gstatic.com/firebasejs/9.9.4/firebase-firestore/lite.js","installations":"https://www.gstatic.com/firebasejs/9.9.4/firebase-installations.js","storage":"https://www.gstatic.com/firebasejs/9.9.4/firebase-storage.js","performance":"https://www.gstatic.com/firebasejs/9.9.4/firebase-performance.js","remote-config":"https://www.gstatic.com/firebasejs/9.9.4/firebase-remote-config.js","messaging":"https://www.gstatic.com/firebasejs/9.9.4/firebase-messaging.js","messaging/sw":"https://www.gstatic.com/firebasejs/9.9.4/firebase-messaging/sw.js","database":"https://www.gstatic.com/firebasejs/9.9.4/firebase-database.js","firestore.memory":"https://www.gstatic.com/firebasejs/9.9.4/firebase-firestore.memory.js"}}
[info] i  Skipping write of build/index.html 
[info] 
[info] i  Detected a .git folder at C:\Users\Lenovo\Desktop\myapp 
[info] i  Authorizing with GitHub to upload your service account to a GitHub repository's secrets store. 
[info] 
[info] Visit this URL on this device to log in:
[info] https://github.com/login/oauth/authorize?client_id=89cf50f02ac6aaed3484&state=533145128&redirect_uri=http%3A%2F%2Flocalhost%3A9005&scope=read%3Auser%20repo%20public_repo
[info] 
[info] Waiting for authentication...
[debug] [2022-09-09T14:08:11.835Z] >>> [apiv2][query] POST https://github.com/login/oauth/access_token [none]
[debug] [2022-09-09T14:08:11.835Z] >>> [apiv2][body] POST https://github.com/login/oauth/access_token [stream]
[debug] [2022-09-09T14:08:12.648Z] <<< [apiv2][status] POST https://github.com/login/oauth/access_token 200
[debug] [2022-09-09T14:08:12.648Z] <<< [apiv2][body] POST https://github.com/login/oauth/access_token {"access_token":"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","token_type":"bearer","scope":"read:user,repo"}
[debug] [2022-09-09T14:08:12.655Z] >>> [apiv2][query] GET https://api.github.com/user [none]
[debug] [2022-09-09T14:08:13.475Z] <<< [apiv2][status] GET https://api.github.com/user 200
[debug] [2022-09-09T14:08:13.475Z] <<< [apiv2][body] GET https://api.github.com/user {"login":"Sahar009","id":102046091,"node_id":"U_kgDOBhUZiw","avatar_url":"https://avatars.githubusercontent.com/u/102046091?v=4","gravatar_id":"","url":"https://api.github.com/users/Sahar009","html_url":"https://github.com/Sahar009","followers_url":"https://api.github.com/users/Sahar009/followers","following_url":"https://api.github.com/users/Sahar009/following{/other_user}","gists_url":"https://api.github.com/users/Sahar009/gists{/gist_id}","starred_url":"https://api.github.com/users/Sahar009/starred{/owner}{/repo}","subscriptions_url":"https://api.github.com/users/Sahar009/subscriptions","organizations_url":"https://api.github.com/users/Sahar009/orgs","repos_url":"https://api.github.com/users/Sahar009/repos","events_url":"https://api.github.com/users/Sahar009/events{/privacy}","received_events_url":"https://api.github.com/users/Sahar009/received_events","type":"User","site_admin":false,"name":"Akinwumi sehinde","company":null,"blog":"","location":null,"email":null,"hireable":null,"bio":"Front-end developer {(HTML, CSS, javascript, React, Python)}\r\nakinwumisehinde@gmail.com","twitter_username":"saharmufc","public_repos":14,"public_gists":0,"followers":4,"following":23,"created_at":"2022-03-21T14:58:31Z","updated_at":"2022-08-30T01:29:47Z","private_gists":0,"total_private_repos":6,"owned_private_repos":6,"disk_usage":184186,"collaborators":0,"two_factor_authentication":false,"plan":{"name":"free","space":976562499,"collaborators":0,"private_repos":10000}}
[info] 
[info] +  Success! Logged into GitHub as Sahar009 
[info] 
